
> iisf-site@0.1.0 build
> next build

▲ Next.js 16.1.6 (Turbopack)
- Environments: .env.local

  Creating an optimized production build ...
✓ Compiled successfully in 13.0s
  Running TypeScript ...
  Collecting page data using 7 workers ...
  Generating static pages using 7 workers (0/11) ...
  Generating static pages using 7 workers (2/11) 
  Generating static pages using 7 workers (5/11) 
  Generating static pages using 7 workers (8/11) 
✓ Generating static pages using 7 workers (11/11) in 147.5ms
  Finalizing page optimization ...

Route (app)
┌ ○ /
├ ○ /_not-found
├ ƒ /api/contact
├ ƒ /blog
├ ƒ /blog/[slug]
├ ƒ /feed.xml
├ ○ /iisf
├ ○ /legal
├ ○ /legal/imprint
├ ○ /legal/privacy
├ ○ /legal/terms
├ ƒ /rss.xml
└ ƒ /studio/[[...tool]]


○  (Static)   prerendered as static content
ƒ  (Dynamic)  server-rendered on demand

